Mon Jan 4 19:44:13 PST 2021	 0/ 0	
Mon Jan 4 19:44:41 PST 2021	 0/ 0	
Mon Jan 4 19:45:14 PST 2021	 0/ 0	
Mon Jan 4 19:48:22 PST 2021	 5/ 242	
essayan.txt Mon Jan 4 19:50:21 PST 2021	 5/ 242	
essayan.txt Mon Jan 4 20:10:07 PST 2021	 5/ 242	
essayan.txt Mon Jan 4 20:15:13 PST 2021	 5/ 242	
essayan.txt Mon Jan 4 20:21:29 PST 2021	 9335/ 17107	
essayan.txt Mon Jan 4 20:25:20 PST 2021	 9335/ 17107	
essayan.txt Mon Jan 4 21:48:00 PST 2021	 9335/ 17107	
essayan.txt Mon Jan 4 23:25:22 PST 2021	 9335/ 17107	
essayan.txt Tue Jan 26 19:06:44 PST 2021	 13778/ 17292	
essayan.txt Tue Jan 26 19:24:37 PST 2021	 15765/ 17292	
essayan.txt Thu Jan 28 10:19:29 PST 2021	 15765/ 17292	
essayan.txt Thu Jan 28 11:18:29 PST 2021	 15858/ 17292	
essayan.txt Thu Jan 28 14:03:10 PST 2021	 18089/ 19359	
essayan.txt Thu Jan 28 14:18:41 PST 2021	 18266/ 19359	
essayan.txt Thu Jan 28 14:19:28 PST 2021	 18266/ 19246	
essayan.txt Thu Jan 28 14:42:28 PST 2021	 18312/ 19246	
essayan.txt Thu Jan 28 14:57:57 PST 2021	 18328/ 19246	
essayan.txt Thu Jan 28 15:04:23 PST 2021	 18396/ 19246	
essayan.txt Thu Jan 28 16:12:41 PST 2021	 18695/ 19246	
essayan.txt Thu Jan 28 17:57:40 PST 2021	 18710/ 19246	
essayan.txt Fri Jan 29 11:31:49 PST 2021	 18773/ 19246	
essayan.txt Fri Jan 29 11:38:18 PST 2021	 18773/ 19246	
essayan.txt Fri Jan 29 12:15:23 PST 2021	 18825/ 19246	
essayan.txt Fri Jan 29 13:10:26 PST 2021	 18828/ 19246	
essayan.txt Mon Feb 1 08:54:41 PST 2021	 18830/ 19238	
essayan.txt Mon Feb 1 17:06:38 PST 2021	 18835/ 19238	
essayan.txt Mon Feb 1 19:47:41 PST 2021	 18840/ 19238	
essayan.txt Mon Feb 1 20:39:07 PST 2021	 18977/ 19238	
essayan.txt Mon Feb 1 20:47:01 PST 2021	 18977/ 19238	
essayan.txt Mon Feb 1 20:47:18 PST 2021	 18977/ 19238	
essayan.txt Mon Feb 1 21:08:44 PST 2021	 18985/ 19238	
essayan.txt Mon Feb 8 19:01:56 PST 2021	 19066/ 19238	
essayan.txt Mon Feb 15 15:16:49 PST 2021	 19110/ 19238	
essayan.txt Mon Feb 22 17:53:53 PST 2021	 19110/ 19238	
essayan.txt Mon Feb 22 19:06:55 PST 2021	 19137/ 19238	
essayan.txt Mon Feb 22 19:11:39 PST 2021	 19137/ 19238	
essayan.txt Mon Feb 22 22:21:45 PST 2021	 19162/ 19242	
essayan.txt Sun Mar 7 22:20:53 PST 2021	 19162/ 19242	
warmparsingchart.txt Fri May 21 11:16:08 PDT 2021	 2/ 2	
warmparsingchart.txt Fri May 21 11:16:36 PDT 2021	 2/ 2	
arak Fri May 21 11:17:21 PDT 2021	 0/ 0	
arak Fri May 21 11:17:31 PDT 2021	 0/ 0	
warmparsingchart.txt Fri May 21 11:17:47 PDT 2021	 2/ 2	
warmparsingchart.txt Fri May 21 11:18:01 PDT 2021	 2/ 2	
warmparsingchart.txt Fri May 21 11:18:42 PDT 2021	 6789/ 6832	
warmparsingchart.txt Fri May 21 11:49:30 PDT 2021	 6859/ 6907	
